<?xml version="1.0" encoding="UTF-8"?>
<testsuite xmlns:xsi="http://www.w3.org/2001/XMLSchema-instance" xsi:noNamespaceSchemaLocation="https://maven.apache.org/surefire/maven-surefire-plugin/xsd/surefire-test-report.xsd" name="com.yiranzhaojiu.AppTest" time="0.048" tests="1" errors="0" skipped="0" failures="0">
  <properties>
    <property name="sun.desktop" value="windows"/>
    <property name="awt.toolkit" value="sun.awt.windows.WToolkit"/>
    <property name="file.encoding.pkg" value="sun.io"/>
    <property name="java.specification.version" value="1.8"/>
    <property name="sun.cpu.isalist" value="amd64"/>
    <property name="sun.jnu.encoding" value="GBK"/>
    <property name="java.class.path" value="G:\java-pro\com.yiranzhaojiu.start\redis-spring-boot-start\target\test-classes;G:\java-pro\com.yiranzhaojiu.start\redis-spring-boot-start\target\classes;E:\jdk-repository\repository\org\springframework\boot\spring-boot-starter\2.3.1.RELEASE\spring-boot-starter-2.3.1.RELEASE.jar;E:\jdk-repository\repository\org\springframework\boot\spring-boot\2.3.1.RELEASE\spring-boot-2.3.1.RELEASE.jar;E:\jdk-repository\repository\org\springframework\spring-context\5.2.7.RELEASE\spring-context-5.2.7.RELEASE.jar;E:\jdk-repository\repository\org\springframework\spring-aop\5.2.7.RELEASE\spring-aop-5.2.7.RELEASE.jar;E:\jdk-repository\repository\org\springframework\spring-beans\5.2.7.RELEASE\spring-beans-5.2.7.RELEASE.jar;E:\jdk-repository\repository\org\springframework\spring-expression\5.2.7.RELEASE\spring-expression-5.2.7.RELEASE.jar;E:\jdk-repository\repository\org\springframework\boot\spring-boot-autoconfigure\2.3.1.RELEASE\spring-boot-autoconfigure-2.3.1.RELEASE.jar;E:\jdk-repository\repository\org\springframework\boot\spring-boot-starter-logging\2.3.1.RELEASE\spring-boot-starter-logging-2.3.1.RELEASE.jar;E:\jdk-repository\repository\ch\qos\logback\logback-classic\1.2.3\logback-classic-1.2.3.jar;E:\jdk-repository\repository\ch\qos\logback\logback-core\1.2.3\logback-core-1.2.3.jar;E:\jdk-repository\repository\org\apache\logging\log4j\log4j-to-slf4j\2.13.3\log4j-to-slf4j-2.13.3.jar;E:\jdk-repository\repository\org\apache\logging\log4j\log4j-api\2.13.3\log4j-api-2.13.3.jar;E:\jdk-repository\repository\org\slf4j\jul-to-slf4j\1.7.30\jul-to-slf4j-1.7.30.jar;E:\jdk-repository\repository\jakarta\annotation\jakarta.annotation-api\1.3.5\jakarta.annotation-api-1.3.5.jar;E:\jdk-repository\repository\org\springframework\spring-core\5.2.7.RELEASE\spring-core-5.2.7.RELEASE.jar;E:\jdk-repository\repository\org\springframework\spring-jcl\5.2.7.RELEASE\spring-jcl-5.2.7.RELEASE.jar;E:\jdk-repository\repository\org\yaml\snakeyaml\1.26\snakeyaml-1.26.jar;E:\jdk-repository\repository\org\redisson\redisson\3.13.1\redisson-3.13.1.jar;E:\jdk-repository\repository\io\netty\netty-common\4.1.50.Final\netty-common-4.1.50.Final.jar;E:\jdk-repository\repository\io\netty\netty-codec\4.1.50.Final\netty-codec-4.1.50.Final.jar;E:\jdk-repository\repository\io\netty\netty-buffer\4.1.50.Final\netty-buffer-4.1.50.Final.jar;E:\jdk-repository\repository\io\netty\netty-transport\4.1.50.Final\netty-transport-4.1.50.Final.jar;E:\jdk-repository\repository\io\netty\netty-resolver\4.1.50.Final\netty-resolver-4.1.50.Final.jar;E:\jdk-repository\repository\io\netty\netty-resolver-dns\4.1.50.Final\netty-resolver-dns-4.1.50.Final.jar;E:\jdk-repository\repository\io\netty\netty-codec-dns\4.1.50.Final\netty-codec-dns-4.1.50.Final.jar;E:\jdk-repository\repository\io\netty\netty-handler\4.1.50.Final\netty-handler-4.1.50.Final.jar;E:\jdk-repository\repository\javax\cache\cache-api\1.0.0\cache-api-1.0.0.jar;E:\jdk-repository\repository\io\projectreactor\reactor-core\3.3.4.RELEASE\reactor-core-3.3.4.RELEASE.jar;E:\jdk-repository\repository\org\reactivestreams\reactive-streams\1.0.3\reactive-streams-1.0.3.jar;E:\jdk-repository\repository\io\reactivex\rxjava2\rxjava\2.2.19\rxjava-2.2.19.jar;E:\jdk-repository\repository\org\jboss\marshalling\jboss-marshalling-river\2.0.9.Final\jboss-marshalling-river-2.0.9.Final.jar;E:\jdk-repository\repository\org\jboss\marshalling\jboss-marshalling\2.0.9.Final\jboss-marshalling-2.0.9.Final.jar;E:\jdk-repository\repository\org\slf4j\slf4j-api\1.7.30\slf4j-api-1.7.30.jar;E:\jdk-repository\repository\com\fasterxml\jackson\dataformat\jackson-dataformat-yaml\2.10.4\jackson-dataformat-yaml-2.10.4.jar;E:\jdk-repository\repository\com\fasterxml\jackson\core\jackson-core\2.10.4\jackson-core-2.10.4.jar;E:\jdk-repository\repository\com\fasterxml\jackson\core\jackson-databind\2.10.4\jackson-databind-2.10.4.jar;E:\jdk-repository\repository\com\fasterxml\jackson\core\jackson-annotations\2.10.4\jackson-annotations-2.10.4.jar;E:\jdk-repository\repository\net\bytebuddy\byte-buddy\1.10.7\byte-buddy-1.10.7.jar;E:\jdk-repository\repository\org\jodd\jodd-bean\5.0.13\jodd-bean-5.0.13.jar;E:\jdk-repository\repository\org\jodd\jodd-core\5.0.13\jodd-core-5.0.13.jar;E:\jdk-repository\repository\junit\junit\4.11\junit-4.11.jar;E:\jdk-repository\repository\org\hamcrest\hamcrest-core\1.3\hamcrest-core-1.3.jar;"/>
    <property name="java.vm.vendor" value="Oracle Corporation"/>
    <property name="sun.arch.data.model" value="64"/>
    <property name="user.variant" value=""/>
    <property name="java.vendor.url" value="http://java.oracle.com/"/>
    <property name="user.timezone" value="Asia/Shanghai"/>
    <property name="java.vm.specification.version" value="1.8"/>
    <property name="os.name" value="Windows 8.1"/>
    <property name="user.country" value="CN"/>
    <property name="sun.java.launcher" value="SUN_STANDARD"/>
    <property name="sun.boot.library.path" value="E:\jdk\install\jre\bin"/>
    <property name="sun.java.command" value="C:\Users\豪\AppData\Local\Temp\surefire5668912527936089183\surefirebooter8146463993467881702.jar C:\Users\豪\AppData\Local\Temp\surefire5668912527936089183 2021-04-05T08-52-56_027-jvmRun1 surefire2779468529435930158tmp surefire_04188377185667455554tmp"/>
    <property name="surefire.test.class.path" value="G:\java-pro\com.yiranzhaojiu.start\redis-spring-boot-start\target\test-classes;G:\java-pro\com.yiranzhaojiu.start\redis-spring-boot-start\target\classes;E:\jdk-repository\repository\org\springframework\boot\spring-boot-starter\2.3.1.RELEASE\spring-boot-starter-2.3.1.RELEASE.jar;E:\jdk-repository\repository\org\springframework\boot\spring-boot\2.3.1.RELEASE\spring-boot-2.3.1.RELEASE.jar;E:\jdk-repository\repository\org\springframework\spring-context\5.2.7.RELEASE\spring-context-5.2.7.RELEASE.jar;E:\jdk-repository\repository\org\springframework\spring-aop\5.2.7.RELEASE\spring-aop-5.2.7.RELEASE.jar;E:\jdk-repository\repository\org\springframework\spring-beans\5.2.7.RELEASE\spring-beans-5.2.7.RELEASE.jar;E:\jdk-repository\repository\org\springframework\spring-expression\5.2.7.RELEASE\spring-expression-5.2.7.RELEASE.jar;E:\jdk-repository\repository\org\springframework\boot\spring-boot-autoconfigure\2.3.1.RELEASE\spring-boot-autoconfigure-2.3.1.RELEASE.jar;E:\jdk-repository\repository\org\springframework\boot\spring-boot-starter-logging\2.3.1.RELEASE\spring-boot-starter-logging-2.3.1.RELEASE.jar;E:\jdk-repository\repository\ch\qos\logback\logback-classic\1.2.3\logback-classic-1.2.3.jar;E:\jdk-repository\repository\ch\qos\logback\logback-core\1.2.3\logback-core-1.2.3.jar;E:\jdk-repository\repository\org\apache\logging\log4j\log4j-to-slf4j\2.13.3\log4j-to-slf4j-2.13.3.jar;E:\jdk-repository\repository\org\apache\logging\log4j\log4j-api\2.13.3\log4j-api-2.13.3.jar;E:\jdk-repository\repository\org\slf4j\jul-to-slf4j\1.7.30\jul-to-slf4j-1.7.30.jar;E:\jdk-repository\repository\jakarta\annotation\jakarta.annotation-api\1.3.5\jakarta.annotation-api-1.3.5.jar;E:\jdk-repository\repository\org\springframework\spring-core\5.2.7.RELEASE\spring-core-5.2.7.RELEASE.jar;E:\jdk-repository\repository\org\springframework\spring-jcl\5.2.7.RELEASE\spring-jcl-5.2.7.RELEASE.jar;E:\jdk-repository\repository\org\yaml\snakeyaml\1.26\snakeyaml-1.26.jar;E:\jdk-repository\repository\org\redisson\redisson\3.13.1\redisson-3.13.1.jar;E:\jdk-repository\repository\io\netty\netty-common\4.1.50.Final\netty-common-4.1.50.Final.jar;E:\jdk-repository\repository\io\netty\netty-codec\4.1.50.Final\netty-codec-4.1.50.Final.jar;E:\jdk-repository\repository\io\netty\netty-buffer\4.1.50.Final\netty-buffer-4.1.50.Final.jar;E:\jdk-repository\repository\io\netty\netty-transport\4.1.50.Final\netty-transport-4.1.50.Final.jar;E:\jdk-repository\repository\io\netty\netty-resolver\4.1.50.Final\netty-resolver-4.1.50.Final.jar;E:\jdk-repository\repository\io\netty\netty-resolver-dns\4.1.50.Final\netty-resolver-dns-4.1.50.Final.jar;E:\jdk-repository\repository\io\netty\netty-codec-dns\4.1.50.Final\netty-codec-dns-4.1.50.Final.jar;E:\jdk-repository\repository\io\netty\netty-handler\4.1.50.Final\netty-handler-4.1.50.Final.jar;E:\jdk-repository\repository\javax\cache\cache-api\1.0.0\cache-api-1.0.0.jar;E:\jdk-repository\repository\io\projectreactor\reactor-core\3.3.4.RELEASE\reactor-core-3.3.4.RELEASE.jar;E:\jdk-repository\repository\org\reactivestreams\reactive-streams\1.0.3\reactive-streams-1.0.3.jar;E:\jdk-repository\repository\io\reactivex\rxjava2\rxjava\2.2.19\rxjava-2.2.19.jar;E:\jdk-repository\repository\org\jboss\marshalling\jboss-marshalling-river\2.0.9.Final\jboss-marshalling-river-2.0.9.Final.jar;E:\jdk-repository\repository\org\jboss\marshalling\jboss-marshalling\2.0.9.Final\jboss-marshalling-2.0.9.Final.jar;E:\jdk-repository\repository\org\slf4j\slf4j-api\1.7.30\slf4j-api-1.7.30.jar;E:\jdk-repository\repository\com\fasterxml\jackson\dataformat\jackson-dataformat-yaml\2.10.4\jackson-dataformat-yaml-2.10.4.jar;E:\jdk-repository\repository\com\fasterxml\jackson\core\jackson-core\2.10.4\jackson-core-2.10.4.jar;E:\jdk-repository\repository\com\fasterxml\jackson\core\jackson-databind\2.10.4\jackson-databind-2.10.4.jar;E:\jdk-repository\repository\com\fasterxml\jackson\core\jackson-annotations\2.10.4\jackson-annotations-2.10.4.jar;E:\jdk-repository\repository\net\bytebuddy\byte-buddy\1.10.7\byte-buddy-1.10.7.jar;E:\jdk-repository\repository\org\jodd\jodd-bean\5.0.13\jodd-bean-5.0.13.jar;E:\jdk-repository\repository\org\jodd\jodd-core\5.0.13\jodd-core-5.0.13.jar;E:\jdk-repository\repository\junit\junit\4.11\junit-4.11.jar;E:\jdk-repository\repository\org\hamcrest\hamcrest-core\1.3\hamcrest-core-1.3.jar;"/>
    <property name="sun.cpu.endian" value="little"/>
    <property name="user.home" value="C:\Users\豪"/>
    <property name="user.language" value="zh"/>
    <property name="java.specification.vendor" value="Oracle Corporation"/>
    <property name="java.home" value="E:\jdk\install\jre"/>
    <property name="basedir" value="G:\java-pro\com.yiranzhaojiu.start\redis-spring-boot-start"/>
    <property name="file.separator" value="\"/>
    <property name="line.separator" value="&#10;"/>
    <property name="idea.version2019.2.3" value="true"/>
    <property name="java.vm.specification.vendor" value="Oracle Corporation"/>
    <property name="java.specification.name" value="Java Platform API Specification"/>
    <property name="java.awt.graphicsenv" value="sun.awt.Win32GraphicsEnvironment"/>
    <property name="surefire.real.class.path" value="C:\Users\豪\AppData\Local\Temp\surefire5668912527936089183\surefirebooter8146463993467881702.jar"/>
    <property name="sun.boot.class.path" value="E:\jdk\install\jre\lib\resources.jar;E:\jdk\install\jre\lib\rt.jar;E:\jdk\install\jre\lib\sunrsasign.jar;E:\jdk\install\jre\lib\jsse.jar;E:\jdk\install\jre\lib\jce.jar;E:\jdk\install\jre\lib\charsets.jar;E:\jdk\install\jre\lib\jfr.jar;E:\jdk\install\jre\classes"/>
    <property name="user.script" value=""/>
    <property name="sun.management.compiler" value="HotSpot 64-Bit Tiered Compilers"/>
    <property name="java.runtime.version" value="1.8.0_131-b11"/>
    <property name="user.name" value="豪"/>
    <property name="path.separator" value=";"/>
    <property name="os.version" value="6.3"/>
    <property name="java.endorsed.dirs" value="E:\jdk\install\jre\lib\endorsed"/>
    <property name="java.runtime.name" value="Java(TM) SE Runtime Environment"/>
    <property name="file.encoding" value="GBK"/>
    <property name="java.vm.name" value="Java HotSpot(TM) 64-Bit Server VM"/>
    <property name="localRepository" value="E:\jdk-repository\repository"/>
    <property name="java.vendor.url.bug" value="http://bugreport.sun.com/bugreport/"/>
    <property name="java.io.tmpdir" value="C:\Users\豪\AppData\Local\Temp\"/>
    <property name="java.version" value="1.8.0_131"/>
    <property name="user.dir" value="G:\java-pro\com.yiranzhaojiu.start\redis-spring-boot-start"/>
    <property name="os.arch" value="amd64"/>
    <property name="java.vm.specification.name" value="Java Virtual Machine Specification"/>
    <property name="java.awt.printerjob" value="sun.awt.windows.WPrinterJob"/>
    <property name="sun.os.patch.level" value=""/>
    <property name="java.library.path" value="E:\jdk\install\jre\bin;C:\windows\Sun\Java\bin;C:\windows\system32;C:\windows;C:\ProgramData\Oracle\Java\javapath;C:\Program Files (x86)\Intel\iCLS Client\;C:\Program Files\Intel\iCLS Client\;C:\Program Files (x86)\NVIDIA Corporation\PhysX\Common;C:\windows\system32;C:\windows;C:\windows\System32\Wbem;C:\windows\System32\WindowsPowerShell\v1.0\;C:\Program Files\Intel\Intel(R) Management Engine Components\DAL;C:\Program Files (x86)\Intel\Intel(R) Management Engine Components\DAL;C:\Program Files\Intel\Intel(R) Management Engine Components\IPT;C:\Program Files (x86)\Intel\Intel(R) Management Engine Components\IPT;C:\Program Files\Intel\WiFi\bin\;C:\Program Files\Common Files\Intel\WirelessCommon\;E:\jdk\install\bin;E:\gradle-6.8\gradle-6.8-all\gradle-6.8\bin;;."/>
    <property name="java.vm.info" value="mixed mode"/>
    <property name="java.vendor" value="Oracle Corporation"/>
    <property name="java.vm.version" value="25.131-b11"/>
    <property name="java.ext.dirs" value="E:\jdk\install\jre\lib\ext;C:\windows\Sun\Java\lib\ext"/>
    <property name="sun.io.unicode.encoding" value="UnicodeLittle"/>
    <property name="maven.repo.local" value="E:\jdk-repository\repository"/>
    <property name="java.class.version" value="52.0"/>
  </properties>
  <testcase name="shouldAnswerWithTrue" classname="com.yiranzhaojiu.AppTest" time="0.002"/>
</testsuite>